Splitter_scale4                                                                 
Single splitter mesh                                                            
2D with 2 cells in z-direction
Vachnadze/Litvinov            
   1.0000000000000000     
   1.0000000000000000     
   0.0000000000000000        0.0000000000000000        0.0000000000000000     
           7
          77          45           2   Block:    1
           6           0           2
           1           1           1           1           1           1
         500         500         300         130         410         410
           0           0           0           0           0           0
           1          45           1           2           1          45           1           2           1           2           1          77           1           2           1          77           1          77           1          45           1          77           1          45
           3           2
           2           1
           1          45           1           2           1          45           1           2
           2           3           2           3
          77          45           2   Block:    2
           6           0           2
           1           1           1           1           1           1
         500         500         300         130         410         410
           0           0           0           0           0           0
           1          45           1           2           1          45           1           2           1           2           1          77           1           2           1          77           1          77           1          45           1          77           1          45
           1           4
           2           1
           1          45           1           2           1          45           1           2
           2           3           2           3
         123          45           2   Block:    3
           6           0           2
           1           1           1           1           1           1
         500         500         300         130         410         410
           0           0           0           0           0           0
           1          45           1           2           1          45           1           2           1           2           1         123           1           2           1         123           1         123           1          45           1         123           1          45
           7           1
           2           1
           1          45           1           2           1          45           1           2
           2           3           2           3
         123          45           2   Block:    4
           6           0           2
           1           1           1           1           1           1
         500         500         300         130         410         410
           0           0           0           0           0           0
           1          45           1           2           1          45           1           2           1           2           1         123           1           2           1         123           1         123           1          45           1         123           1          45
           2           5
           2           1
           1          45           1           2           1          45           1           2
           2           3           2           3
         185          45           2   Block:    5
           6           0           2
           1           1           1           1           1           1
         500         230         500         130         410         410
           0           0           0           0           0           0
           1          45           1           2           1          45           1           2           1           2           1         185           1           2           1         185           1         185           1          45           1         185           1          45
           4           6
           2           3
           1          45           1           2           1           2           1         185
           2           3           3          -1
         185          40           2   Block:    6
           6           0           2
           1           1           1           1           1           1
         230         300         500         500         410         410
           0           0           0           0           0           0
           1          40           1           2           1          40           1           2           1           2           1         185           1           2           1         185           1         185           1          40           1         185           1          40
           5           7
           3           3
           1           2           1         185           1           2           1         185
           3          -1           3           1
         185          45           2   Block:    7
           6           0           2
           1           1           1           1           1           1
         230         500         500         130         410         410
           0           0           0           0           0           0
           1          45           1           2           1          45           1           2           1           2           1         185           1           2           1         185           1         185           1          45           1         185           1          45
           3           6
           1           4
           1          45           1           2           1           2           1         185
           2           3           3           1
